app/build/intermediates/manifest_merge_blame_file/debug/manifest-merger-blame-debug-report.txt
1<?xml version="1.0" encoding="utf-8"?>
2<manifest xmlns:android="http://schemas.android.com/apk/res/android"
3    package="com.KuwaitKFF"
4    android:versionCode="14" >
5
6    <uses-sdk
7        android:minSdkVersion="18"
7-->src\main\AndroidManifest.xml
8        android:targetSdkVersion="30" />
8-->src\main\AndroidManifest.xml
9
10    <!-- <uses-sdk -->
11    <!-- android:minSdkVersion="11" -->
12    <!-- android:targetSdkVersion="19" /> -->
13
14    <uses-permission android:name="android.permission.INTERNET" />
14-->src\main\AndroidManifest.xml:10:5-67
14-->src\main\AndroidManifest.xml:10:22-64
15    <uses-permission android:name="android.permission.WRITE_EXTERNAL_STORAGE" />
15-->src\main\AndroidManifest.xml:11:5-81
15-->src\main\AndroidManifest.xml:11:22-78
16    <uses-permission android:name="android.permission.ACCESS_NETWORK_STATE" />
16-->src\main\AndroidManifest.xml:12:5-79
16-->src\main\AndroidManifest.xml:12:22-76
17    <uses-permission android:name="android.permission.ACCESS_COARSE_LOCATION" />
17-->src\main\AndroidManifest.xml:13:5-81
17-->src\main\AndroidManifest.xml:13:22-78
18    <uses-permission android:name="android.permission.ACCESS_FINE_LOCATION" />
18-->src\main\AndroidManifest.xml:14:5-79
18-->src\main\AndroidManifest.xml:14:22-76
19
20    <!-- Keeps the processor from sleeping when a message is received. -->
21    <uses-permission android:name="android.permission.WAKE_LOCK" />
21-->src\main\AndroidManifest.xml:17:5-68
21-->src\main\AndroidManifest.xml:17:22-65
22    <uses-permission android:name="android.permission.ACCESS_FINE_LOCATION" />
22-->src\main\AndroidManifest.xml:14:5-79
22-->src\main\AndroidManifest.xml:14:22-76
23    <uses-permission android:name="android.permission.ACCESS_COARSE_LOCATION" />
23-->src\main\AndroidManifest.xml:13:5-81
23-->src\main\AndroidManifest.xml:13:22-78
24    <uses-permission android:name="android.permission.RECEIVE_BOOT_COMPLETED" />
24-->src\main\AndroidManifest.xml:20:5-81
24-->src\main\AndroidManifest.xml:20:22-78
25    <uses-permission android:name="android.permission.VIBRATE" />
25-->src\main\AndroidManifest.xml:21:5-66
25-->src\main\AndroidManifest.xml:21:22-63
26    <uses-permission android:name="android.permission.CALL_PHONE" />
26-->src\main\AndroidManifest.xml:22:5-69
26-->src\main\AndroidManifest.xml:22:22-66
27    <uses-permission android:name="android.permission.WRITE_CALENDAR" />
27-->src\main\AndroidManifest.xml:23:5-73
27-->src\main\AndroidManifest.xml:23:22-70
28    <uses-permission android:name="android.permission.READ_CALENDAR" />
28-->src\main\AndroidManifest.xml:24:5-72
28-->src\main\AndroidManifest.xml:24:22-69
29
30    <!-- Permissions required for GCM -->
31    <uses-permission android:name="com.google.android.c2dm.permission.RECEIVE" />
31-->[com.google.android.gms:play-services-gcm:8.4.0] AndroidManifest.xml:21:5-82
31-->[com.google.android.gms:play-services-gcm:8.4.0] AndroidManifest.xml:21:22-79
32
33    <uses-feature
33-->[com.google.android.gms:play-services-maps:8.4.0] AndroidManifest.xml:22:5-24:33
34        android:glEsVersion="0x00020000"
34-->[com.google.android.gms:play-services-maps:8.4.0] AndroidManifest.xml:23:8-40
35        android:required="true" />
35-->[com.google.android.gms:play-services-maps:8.4.0] AndroidManifest.xml:24:8-31
36
37    <application
37-->src\main\AndroidManifest.xml:26:5-231:19
38        android:name="com.kuwaitKFF.main.Kfsd"
38-->src\main\AndroidManifest.xml:27:9-47
39        android:allowBackup="true"
39-->src\main\AndroidManifest.xml:28:9-35
40        android:appComponentFactory="androidx.core.app.CoreComponentFactory"
40-->[androidx.core:core:1.0.0] AndroidManifest.xml:22:18-86
41        android:debuggable="true"
42        android:icon="@drawable/ic_launcher"
42-->src\main\AndroidManifest.xml:30:9-45
43        android:label="@string/app_name"
43-->src\main\AndroidManifest.xml:31:9-41
44        android:theme="@style/AppTheme"
44-->src\main\AndroidManifest.xml:32:9-40
45        android:usesCleartextTraffic="true" >
45-->src\main\AndroidManifest.xml:29:9-44
46        <meta-data
46-->src\main\AndroidManifest.xml:33:9-35:69
47            android:name="com.google.android.gms.version"
47-->src\main\AndroidManifest.xml:34:13-58
48            android:value="@integer/google_play_services_version" />
48-->src\main\AndroidManifest.xml:35:13-66
49        <meta-data
49-->src\main\AndroidManifest.xml:36:9-38:71
50            android:name="com.google.android.geo.API_KEY"
50-->src\main\AndroidManifest.xml:37:13-58
51            android:value="AIzaSyBHJdtYRdbPUW_GhyUxudcIdpU9DL9yAk0" />
51-->src\main\AndroidManifest.xml:38:13-68
52
53        <!-- RELEASE KEY -->
54        <!-- AIzaSyBHJdtYRdbPUW_GhyUxudcIdpU9DL9yAk0 -->
55
56
57        <!-- DEBUG KEY -->
58        <!-- AIzaSyA90R_Wr62G9J_ZcmawAzVOWmtx_Vl8nGo -->
59        <uses-library
59-->src\main\AndroidManifest.xml:45:9-88
60            android:name="org.apache.http.legacy"
60-->src\main\AndroidManifest.xml:45:23-60
61            android:required="false" />
61-->src\main\AndroidManifest.xml:45:61-85
62
63        <activity
63-->src\main\AndroidManifest.xml:46:9-55:20
64            android:name="com.kuwaitKFF.splash.SplashActivity"
64-->src\main\AndroidManifest.xml:47:13-63
65            android:label="@string/app_name"
65-->src\main\AndroidManifest.xml:48:13-45
66            android:screenOrientation="portrait" >
66-->src\main\AndroidManifest.xml:49:13-49
67            <intent-filter>
67-->src\main\AndroidManifest.xml:50:13-54:29
68                <action android:name="android.intent.action.MAIN" />
68-->src\main\AndroidManifest.xml:51:17-69
68-->src\main\AndroidManifest.xml:51:25-66
69
70                <category android:name="android.intent.category.LAUNCHER" />
70-->src\main\AndroidManifest.xml:53:17-77
70-->src\main\AndroidManifest.xml:53:27-74
71            </intent-filter>
72        </activity>
73        <activity
73-->src\main\AndroidManifest.xml:56:9-59:55
74            android:name="com.kuwaitKFF.base.TabbarActivity"
74-->src\main\AndroidManifest.xml:57:13-61
75            android:screenOrientation="portrait"
75-->src\main\AndroidManifest.xml:58:13-49
76            android:windowSoftInputMode="adjustPan" />
76-->src\main\AndroidManifest.xml:59:13-52
77        <activity
77-->src\main\AndroidManifest.xml:60:9-63:55
78            android:name="com.kuwaitKFF.home.HomeGroupActivity"
78-->src\main\AndroidManifest.xml:61:13-64
79            android:screenOrientation="portrait"
79-->src\main\AndroidManifest.xml:62:13-49
80            android:windowSoftInputMode="adjustPan" />
80-->src\main\AndroidManifest.xml:63:13-52
81        <activity
81-->src\main\AndroidManifest.xml:64:9-67:55
82            android:name="com.kuwaitKFF.news.NewsGroupActivity"
82-->src\main\AndroidManifest.xml:65:13-64
83            android:screenOrientation="portrait"
83-->src\main\AndroidManifest.xml:66:13-49
84            android:windowSoftInputMode="adjustPan" />
84-->src\main\AndroidManifest.xml:67:13-52
85        <activity
85-->src\main\AndroidManifest.xml:68:9-71:55
86            android:name="com.kuwaitKFF.advertisements.AdvertisementsGroupActivity"
86-->src\main\AndroidManifest.xml:69:13-84
87            android:screenOrientation="portrait"
87-->src\main\AndroidManifest.xml:70:13-49
88            android:windowSoftInputMode="adjustPan" />
88-->src\main\AndroidManifest.xml:71:13-52
89        <activity
89-->src\main\AndroidManifest.xml:72:9-75:55
90            android:name="com.kuwaitKFF.more.MoreGroupActivity"
90-->src\main\AndroidManifest.xml:73:13-64
91            android:screenOrientation="portrait"
91-->src\main\AndroidManifest.xml:74:13-49
92            android:windowSoftInputMode="adjustPan" />
92-->src\main\AndroidManifest.xml:75:13-52
93        <activity
93-->src\main\AndroidManifest.xml:76:9-79:55
94            android:name="com.kuwaitKFF.login.ProfileFragment"
94-->src\main\AndroidManifest.xml:77:13-63
95            android:screenOrientation="portrait"
95-->src\main\AndroidManifest.xml:78:13-49
96            android:windowSoftInputMode="adjustPan" />
96-->src\main\AndroidManifest.xml:79:13-52
97        <activity
97-->src\main\AndroidManifest.xml:80:9-83:55
98            android:name="com.kuwaitKFF.login.FragmentAttendance"
98-->src\main\AndroidManifest.xml:81:13-66
99            android:screenOrientation="portrait"
99-->src\main\AndroidManifest.xml:82:13-49
100            android:windowSoftInputMode="adjustPan" />
100-->src\main\AndroidManifest.xml:83:13-52
101        <activity
101-->src\main\AndroidManifest.xml:84:9-87:55
102            android:name="com.kuwaitKFF.login.FragmentPermission"
102-->src\main\AndroidManifest.xml:85:13-66
103            android:screenOrientation="portrait"
103-->src\main\AndroidManifest.xml:86:13-49
104            android:windowSoftInputMode="adjustPan" />
104-->src\main\AndroidManifest.xml:87:13-52
105        <activity
105-->src\main\AndroidManifest.xml:88:9-91:55
106            android:name="com.kuwaitKFF.monthlyReportInquiry.FragmentMonthlyReportInquiry"
106-->src\main\AndroidManifest.xml:89:13-91
107            android:screenOrientation="portrait"
107-->src\main\AndroidManifest.xml:90:13-49
108            android:windowSoftInputMode="adjustPan" />
108-->src\main\AndroidManifest.xml:91:13-52
109        <activity
109-->src\main\AndroidManifest.xml:92:9-95:55
110            android:name="com.kuwaitKFF.changepassword.ChangePasswordFragment"
110-->src\main\AndroidManifest.xml:93:13-79
111            android:screenOrientation="portrait"
111-->src\main\AndroidManifest.xml:94:13-49
112            android:windowSoftInputMode="adjustPan" />
112-->src\main\AndroidManifest.xml:95:13-52
113        <activity
113-->src\main\AndroidManifest.xml:96:9-99:55
114            android:name="com.kuwaitKFF.home.SectorFragment"
114-->src\main\AndroidManifest.xml:97:13-61
115            android:screenOrientation="portrait"
115-->src\main\AndroidManifest.xml:98:13-49
116            android:windowSoftInputMode="adjustPan" />
116-->src\main\AndroidManifest.xml:99:13-52
117        <activity
117-->src\main\AndroidManifest.xml:101:9-104:55
118            android:name="com.kuwaitKFF.home.PAIAdoptionFragment"
118-->src\main\AndroidManifest.xml:102:13-66
119            android:screenOrientation="portrait"
119-->src\main\AndroidManifest.xml:103:13-49
120            android:windowSoftInputMode="adjustPan" />
120-->src\main\AndroidManifest.xml:104:13-52
121        <activity
121-->src\main\AndroidManifest.xml:105:9-108:55
122            android:name="com.kuwaitKFF.home.MOCIAdoptionFragment"
122-->src\main\AndroidManifest.xml:106:13-67
123            android:screenOrientation="portrait"
123-->src\main\AndroidManifest.xml:107:13-49
124            android:windowSoftInputMode="adjustPan" />
124-->src\main\AndroidManifest.xml:108:13-52
125        <activity
125-->src\main\AndroidManifest.xml:110:9-113:55
126            android:name="com.kuwaitKFF.home.MOCIError"
126-->src\main\AndroidManifest.xml:111:13-56
127            android:screenOrientation="portrait"
127-->src\main\AndroidManifest.xml:112:13-49
128            android:windowSoftInputMode="adjustPan" />
128-->src\main\AndroidManifest.xml:113:13-52
129        <activity
129-->src\main\AndroidManifest.xml:115:9-118:55
130            android:name="com.kuwaitKFF.home.CreditSectorFragment"
130-->src\main\AndroidManifest.xml:116:13-67
131            android:screenOrientation="portrait"
131-->src\main\AndroidManifest.xml:117:13-49
132            android:windowSoftInputMode="adjustPan" />
132-->src\main\AndroidManifest.xml:118:13-52
133        <activity
133-->src\main\AndroidManifest.xml:119:9-122:55
134            android:name="com.kuwaitKFF.home.RemarkSectorFragment"
134-->src\main\AndroidManifest.xml:120:13-67
135            android:screenOrientation="portrait"
135-->src\main\AndroidManifest.xml:121:13-49
136            android:windowSoftInputMode="adjustPan" />
136-->src\main\AndroidManifest.xml:122:13-52
137        <activity
137-->src\main\AndroidManifest.xml:123:9-126:55
138            android:name="com.kuwaitKFF.home.ClearanceFragment"
138-->src\main\AndroidManifest.xml:124:13-64
139            android:screenOrientation="portrait"
139-->src\main\AndroidManifest.xml:125:13-49
140            android:windowSoftInputMode="adjustPan" />
140-->src\main\AndroidManifest.xml:126:13-52
141        <activity
141-->src\main\AndroidManifest.xml:127:9-130:55
142            android:name="com.kuwaitKFF.decisions.DecisionDetailsFragment"
142-->src\main\AndroidManifest.xml:128:13-75
143            android:screenOrientation="portrait"
143-->src\main\AndroidManifest.xml:129:13-49
144            android:windowSoftInputMode="adjustPan" />
144-->src\main\AndroidManifest.xml:130:13-52
145        <activity
145-->src\main\AndroidManifest.xml:131:9-134:55
146            android:name="com.kuwaitKFF.circular.CircularDetailsFragment"
146-->src\main\AndroidManifest.xml:132:13-74
147            android:screenOrientation="portrait"
147-->src\main\AndroidManifest.xml:133:13-49
148            android:windowSoftInputMode="adjustPan" />
148-->src\main\AndroidManifest.xml:134:13-52
149        <activity
149-->src\main\AndroidManifest.xml:135:9-138:55
150            android:name="com.kuwaitKFF.news.NewsDetailsFragment"
150-->src\main\AndroidManifest.xml:136:13-66
151            android:screenOrientation="portrait"
151-->src\main\AndroidManifest.xml:137:13-49
152            android:windowSoftInputMode="adjustPan" />
152-->src\main\AndroidManifest.xml:138:13-52
153        <activity
153-->src\main\AndroidManifest.xml:139:9-142:55
154            android:name="com.kuwaitKFF.advertisements.AdvertisementsDetailsFragment"
154-->src\main\AndroidManifest.xml:140:13-86
155            android:screenOrientation="portrait"
155-->src\main\AndroidManifest.xml:141:13-49
156            android:windowSoftInputMode="adjustPan" />
156-->src\main\AndroidManifest.xml:142:13-52
157        <activity
157-->src\main\AndroidManifest.xml:143:9-146:55
158            android:name="com.kuwaitKFF.vacation.FragmentVacation"
158-->src\main\AndroidManifest.xml:144:13-67
159            android:screenOrientation="portrait"
159-->src\main\AndroidManifest.xml:145:13-49
160            android:windowSoftInputMode="adjustPan" />
160-->src\main\AndroidManifest.xml:146:13-52
161        <activity
161-->src\main\AndroidManifest.xml:147:9-150:55
162            android:name="com.kuwaitKFF.vacationsbalance.FragmentVacationBalance"
162-->src\main\AndroidManifest.xml:148:13-82
163            android:screenOrientation="portrait"
163-->src\main\AndroidManifest.xml:149:13-49
164            android:windowSoftInputMode="adjustPan" />
164-->src\main\AndroidManifest.xml:150:13-52
165        <activity
165-->src\main\AndroidManifest.xml:151:9-154:55
166            android:name="com.kuwaitKFF.sickVacationBalance.FragmentSickVacationBalance"
166-->src\main\AndroidManifest.xml:152:13-89
167            android:screenOrientation="portrait"
167-->src\main\AndroidManifest.xml:153:13-49
168            android:windowSoftInputMode="adjustPan" />
168-->src\main\AndroidManifest.xml:154:13-52
169        <activity
169-->src\main\AndroidManifest.xml:155:9-158:55
170            android:name="com.kuwaitKFF.task.FragmentTask"
170-->src\main\AndroidManifest.xml:156:13-59
171            android:screenOrientation="portrait"
171-->src\main\AndroidManifest.xml:157:13-49
172            android:windowSoftInputMode="adjustPan" />
172-->src\main\AndroidManifest.xml:158:13-52
173        <activity
173-->src\main\AndroidManifest.xml:159:9-162:55
174            android:name="com.kuwaitKFF.newscreens.FragmentPermissionRequest"
174-->src\main\AndroidManifest.xml:160:13-78
175            android:screenOrientation="portrait"
175-->src\main\AndroidManifest.xml:161:13-49
176            android:windowSoftInputMode="adjustPan" />
176-->src\main\AndroidManifest.xml:162:13-52
177        <activity
177-->src\main\AndroidManifest.xml:164:9-167:55
178            android:name="com.kuwaitKFF.newscreens.FragmentPermissionInquiry"
178-->src\main\AndroidManifest.xml:165:13-78
179            android:screenOrientation="portrait"
179-->src\main\AndroidManifest.xml:166:13-49
180            android:windowSoftInputMode="adjustPan" />
180-->src\main\AndroidManifest.xml:167:13-52
181        <activity
181-->src\main\AndroidManifest.xml:169:9-172:55
182            android:name="com.kuwaitKFF.newscreens.FragmentLeaveInquiry"
182-->src\main\AndroidManifest.xml:170:13-73
183            android:screenOrientation="portrait"
183-->src\main\AndroidManifest.xml:171:13-49
184            android:windowSoftInputMode="adjustPan" />
184-->src\main\AndroidManifest.xml:172:13-52
185        <activity
185-->src\main\AndroidManifest.xml:174:9-177:55
186            android:name="com.kuwaitKFF.newscreens.FragmentLeaveRequest"
186-->src\main\AndroidManifest.xml:175:13-73
187            android:screenOrientation="portrait"
187-->src\main\AndroidManifest.xml:176:13-49
188            android:windowSoftInputMode="adjustPan" />
188-->src\main\AndroidManifest.xml:177:13-52
189        <activity
189-->src\main\AndroidManifest.xml:179:9-190:20
190            android:name="com.kuwaitKFF.correspondence.CorrespondenceFragment"
190-->src\main\AndroidManifest.xml:180:13-79
191            android:screenOrientation="portrait"
191-->src\main\AndroidManifest.xml:181:13-49
192            android:windowSoftInputMode="adjustPan" >
192-->src\main\AndroidManifest.xml:182:13-52
193            <intent-filter>
193-->src\main\AndroidManifest.xml:183:13-185:29
194                <action android:name="android.intent.action.SEARCH" />
194-->src\main\AndroidManifest.xml:184:17-71
194-->src\main\AndroidManifest.xml:184:25-68
195            </intent-filter>
196
197            <meta-data
197-->src\main\AndroidManifest.xml:187:13-189:54
198                android:name="android.app.searchable"
198-->src\main\AndroidManifest.xml:188:17-54
199                android:resource="@xml/searchable" />
199-->src\main\AndroidManifest.xml:189:17-51
200        </activity>
201        <activity
201-->src\main\AndroidManifest.xml:191:9-194:55
202            android:name="com.kuwaitKFF.correspondence.CorrespondenceDetailsFragment"
202-->src\main\AndroidManifest.xml:192:13-86
203            android:screenOrientation="portrait"
203-->src\main\AndroidManifest.xml:193:13-49
204            android:windowSoftInputMode="adjustPan" />
204-->src\main\AndroidManifest.xml:194:13-52
205        <activity
205-->src\main\AndroidManifest.xml:195:9-198:55
206            android:name="com.kuwaitKFF.more.ContactUsFragment"
206-->src\main\AndroidManifest.xml:196:13-64
207            android:screenOrientation="portrait"
207-->src\main\AndroidManifest.xml:197:13-49
208            android:windowSoftInputMode="adjustPan" />
208-->src\main\AndroidManifest.xml:198:13-52
209        <activity
209-->src\main\AndroidManifest.xml:199:9-202:55
210            android:name="com.kuwaitKFF.more.MapActivityFragment"
210-->src\main\AndroidManifest.xml:200:13-66
211            android:screenOrientation="portrait"
211-->src\main\AndroidManifest.xml:201:13-49
212            android:windowSoftInputMode="adjustPan" />
212-->src\main\AndroidManifest.xml:202:13-52
213        <activity
213-->src\main\AndroidManifest.xml:203:9-206:55
214            android:name="com.kuwaitKFF.more.SocialMediaFragment"
214-->src\main\AndroidManifest.xml:204:13-66
215            android:screenOrientation="portrait"
215-->src\main\AndroidManifest.xml:205:13-49
216            android:windowSoftInputMode="adjustPan" />
216-->src\main\AndroidManifest.xml:206:13-52
217        <activity
217-->src\main\AndroidManifest.xml:207:9-210:55
218            android:name="com.kuwaitKFF.more.WhoWeAreFragment"
218-->src\main\AndroidManifest.xml:208:13-63
219            android:screenOrientation="portrait"
219-->src\main\AndroidManifest.xml:209:13-49
220            android:windowSoftInputMode="adjustPan" />
220-->src\main\AndroidManifest.xml:210:13-52
221        <activity
221-->src\main\AndroidManifest.xml:211:9-214:20
222            android:name="com.kuwaitKFF.more.PhoneEmailFragment"
222-->src\main\AndroidManifest.xml:212:13-65
223            android:label="@string/title_activity_phone_email_fragment" >
223-->src\main\AndroidManifest.xml:213:13-72
224        </activity>
225        <activity
225-->src\main\AndroidManifest.xml:215:9-218:20
226            android:name="com.kuwaitKFF.correspondence.CorrespondenceSnapshotActivity"
226-->src\main\AndroidManifest.xml:216:13-87
227            android:label="@string/title_activity_circular_snapshot" >
227-->src\main\AndroidManifest.xml:217:13-69
228        </activity>
229        <activity
229-->src\main\AndroidManifest.xml:219:9-222:20
230            android:name="com.kuwaitKFF.correspondence.DocumentActivity"
230-->src\main\AndroidManifest.xml:220:13-73
231            android:label="@string/title_activity_document" >
231-->src\main\AndroidManifest.xml:221:13-60
232        </activity>
233        <activity
233-->src\main\AndroidManifest.xml:223:9-226:20
234            android:name="com.kuwaitKFF.correspondence.RelatedMsgActivity"
234-->src\main\AndroidManifest.xml:224:13-75
235            android:label="@string/title_activity_related_msg" >
235-->src\main\AndroidManifest.xml:225:13-63
236        </activity>
237        <activity
237-->src\main\AndroidManifest.xml:227:9-230:20
238            android:name="com.kuwaitKFF.correspondence.ProcedureActivity"
238-->src\main\AndroidManifest.xml:228:13-74
239            android:label="@string/title_activity_procedure" >
239-->src\main\AndroidManifest.xml:229:13-61
240        </activity>
241        <!-- Include the AdActivity and InAppPurchaseActivity configChanges and themes. -->
242        <activity
242-->[com.google.android.gms:play-services-ads:8.4.0] AndroidManifest.xml:26:9-29:64
243            android:name="com.google.android.gms.ads.AdActivity"
243-->[com.google.android.gms:play-services-ads:8.4.0] AndroidManifest.xml:27:13-65
244            android:configChanges="keyboard|keyboardHidden|orientation|screenLayout|uiMode|screenSize|smallestScreenSize"
244-->[com.google.android.gms:play-services-ads:8.4.0] AndroidManifest.xml:28:13-122
245            android:theme="@android:style/Theme.Translucent" />
245-->[com.google.android.gms:play-services-ads:8.4.0] AndroidManifest.xml:29:13-61
246        <activity
246-->[com.google.android.gms:play-services-ads:8.4.0] AndroidManifest.xml:30:9-31:52
247            android:name="com.google.android.gms.ads.purchase.InAppPurchaseActivity"
247-->[com.google.android.gms:play-services-ads:8.4.0] AndroidManifest.xml:30:19-91
248            android:theme="@style/Theme.IAPTheme" />
248-->[com.google.android.gms:play-services-ads:8.4.0] AndroidManifest.xml:31:13-50
249        <activity
249-->[com.google.android.gms:play-services-appinvite:8.4.0] AndroidManifest.xml:21:9-29:20
250            android:name="com.google.android.gms.appinvite.PreviewActivity"
250-->[com.google.android.gms:play-services-appinvite:8.4.0] AndroidManifest.xml:22:17-48
251            android:exported="true"
251-->[com.google.android.gms:play-services-appinvite:8.4.0] AndroidManifest.xml:23:17-40
252            android:theme="@style/Theme.AppInvite.Preview" >
252-->[com.google.android.gms:play-services-appinvite:8.4.0] AndroidManifest.xml:24:17-63
253            <intent-filter>
253-->[com.google.android.gms:play-services-appinvite:8.4.0] AndroidManifest.xml:25:13-28:29
254                <action android:name="com.google.android.gms.appinvite.ACTION_PREVIEW" />
254-->[com.google.android.gms:play-services-appinvite:8.4.0] AndroidManifest.xml:26:17-89
254-->[com.google.android.gms:play-services-appinvite:8.4.0] AndroidManifest.xml:26:25-87
255
256                <category android:name="android.intent.category.DEFAULT" />
256-->[com.google.android.gms:play-services-appinvite:8.4.0] AndroidManifest.xml:27:17-75
256-->[com.google.android.gms:play-services-appinvite:8.4.0] AndroidManifest.xml:27:27-73
257            </intent-filter>
258        </activity>
259        <activity
259-->[com.google.android.gms:play-services-auth:8.4.0] AndroidManifest.xml:21:9-24:46
260            android:name="com.google.android.gms.auth.api.signin.internal.SignInHubActivity"
260-->[com.google.android.gms:play-services-auth:8.4.0] AndroidManifest.xml:21:19-72
261            android:excludeFromRecents="true"
261-->[com.google.android.gms:play-services-auth:8.4.0] AndroidManifest.xml:23:19-52
262            android:exported="false"
262-->[com.google.android.gms:play-services-auth:8.4.0] AndroidManifest.xml:24:19-43
263            android:theme="@android:style/Theme.Translucent.NoTitleBar" />
263-->[com.google.android.gms:play-services-auth:8.4.0] AndroidManifest.xml:22:19-78
264        <!--
265Service handling Google Sign-In user revocation. For apps that do not integrate with
266            Google Sign-In, this service will never be started.
267        -->
268        <service
268-->[com.google.android.gms:play-services-auth:8.4.0] AndroidManifest.xml:28:9-31:110
269            android:name="com.google.android.gms.auth.api.signin.RevocationBoundService"
269-->[com.google.android.gms:play-services-auth:8.4.0] AndroidManifest.xml:29:13-62
270            android:exported="true"
270-->[com.google.android.gms:play-services-auth:8.4.0] AndroidManifest.xml:30:13-36
271            android:permission="com.google.android.gms.auth.api.signin.permission.REVOCATION_NOTIFICATION" />
271-->[com.google.android.gms:play-services-auth:8.4.0] AndroidManifest.xml:31:13-107
272
273        <provider
273-->[com.google.android.gms:play-services-measurement:8.4.0] AndroidManifest.xml:28:7-31:37
274            android:name="com.google.android.gms.measurement.AppMeasurementContentProvider"
274-->[com.google.android.gms:play-services-measurement:8.4.0] AndroidManifest.xml:30:11-90
275            android:authorities="com.KuwaitKFF.google_measurement_service"
275-->[com.google.android.gms:play-services-measurement:8.4.0] AndroidManifest.xml:29:11-76
276            android:exported="false" />
276-->[com.google.android.gms:play-services-measurement:8.4.0] AndroidManifest.xml:31:11-35
277
278        <receiver
278-->[com.google.android.gms:play-services-measurement:8.4.0] AndroidManifest.xml:33:7-39:18
279            android:name="com.google.android.gms.measurement.AppMeasurementReceiver"
279-->[com.google.android.gms:play-services-measurement:8.4.0] AndroidManifest.xml:34:11-83
280            android:enabled="true" >
280-->[com.google.android.gms:play-services-measurement:8.4.0] AndroidManifest.xml:35:11-33
281            <intent-filter>
281-->[com.google.android.gms:play-services-measurement:8.4.0] AndroidManifest.xml:36:9-38:25
282                <action android:name="com.google.android.gms.measurement.UPLOAD" />
282-->[com.google.android.gms:play-services-measurement:8.4.0] AndroidManifest.xml:37:11-77
282-->[com.google.android.gms:play-services-measurement:8.4.0] AndroidManifest.xml:37:19-75
283            </intent-filter>
284        </receiver>
285
286        <service
286-->[com.google.android.gms:play-services-measurement:8.4.0] AndroidManifest.xml:41:7-44:37
287            android:name="com.google.android.gms.measurement.AppMeasurementService"
287-->[com.google.android.gms:play-services-measurement:8.4.0] AndroidManifest.xml:42:11-82
288            android:enabled="true"
288-->[com.google.android.gms:play-services-measurement:8.4.0] AndroidManifest.xml:43:11-33
289            android:exported="false" />
289-->[com.google.android.gms:play-services-measurement:8.4.0] AndroidManifest.xml:44:11-35
290    </application>
291
292</manifest>